<?xml version="1.0" encoding="UTF-8" ?>
<testsuite tests="4" failures="0" name="br.com.sampaiodias.dsp2019.aulas1316.ap.criacao.TableCreateTest" time="0.251" errors="0" skipped="0">
  <properties>
[...]
</properties>
  <testcase classname="br.com.sampaiodias.dsp2019.aulas1316.ap.criacao.TableCreateTest" name="criaCargoTest" time="0.2"/>
  <testcase classname="br.com.sampaiodias.dsp2019.aulas1316.ap.criacao.TableCreateTest" name="criaLotacaoTest" time="0.013"/>
  <testcase classname="br.com.sampaiodias.dsp2019.aulas1316.ap.criacao.TableCreateTest" name="criaDepartamentoTest" time="0.026"/>
  <testcase classname="br.com.sampaiodias.dsp2019.aulas1316.ap.criacao.TableCreateTest" name="criaFuncionarioTest" time="0.012"/>
</testsuite>